<?xml version="1.0" encoding="UTF-8"?>
<!-- Generated by org.testng.reporters.JUnitReportReporter -->
<testsuite hostname="DESKTOP-1UP57FE" name="daotests.ReservationDAOTesting" tests="3" failures="0" timestamp="23 Feb 2019 19:41:43 GMT" time="0.444" errors="0">
  <testcase name="testCreateReservation" time="0.339" classname="daotests.ReservationDAOTesting"/>
  <testcase name="testGetAllReservations" time="0.067" classname="daotests.ReservationDAOTesting"/>
  <testcase name="testGetAllReservationsByCustomerId" time="0.038" classname="daotests.ReservationDAOTesting"/>
</testsuite> <!-- daotests.ReservationDAOTesting -->
