<?xml version="1.0" encoding="UTF-8"?>
<!-- Generated by org.testng.reporters.JUnitReportReporter -->
<testsuite hostname="DESKTOP-1UP57FE" name="daotests.ReservationDAOTesting" tests="4" failures="0" timestamp="23 Feb 2019 20:25:52 GMT" time="1.142" errors="0">
  <testcase name="testCreateReservation" time="0.377" classname="daotests.ReservationDAOTesting"/>
  <testcase name="testGetAllReservations" time="0.069" classname="daotests.ReservationDAOTesting"/>
  <testcase name="testGetAllReservationsByCustomerId" time="0.036" classname="daotests.ReservationDAOTesting"/>
  <testcase name="testDelete" time="0.660" classname="daotests.ReservationDAOTesting"/>
</testsuite> <!-- daotests.ReservationDAOTesting -->
