<?xml version="1.0" encoding="UTF-8"?>
<!-- Generated by org.testng.reporters.JUnitReportReporter -->
<testsuite hostname="DESKTOP-1UP57FE" name="daotests.RoomDAOTesting" tests="3" failures="0" timestamp="27 Feb 2019 18:01:15 GMT" time="0.969" errors="0">
  <testcase name="testGetAll21Rooms" time="0.109" classname="daotests.RoomDAOTesting"/>
  <testcase name="testGet19Rooms" time="0.514" classname="daotests.RoomDAOTesting"/>
  <testcase name="testGetRoom" time="0.346" classname="daotests.RoomDAOTesting"/>
</testsuite> <!-- daotests.RoomDAOTesting -->
