<?xml version="1.0" encoding="UTF-8"?>
<!-- Generated by org.testng.reporters.JUnitReportReporter -->
<testsuite hostname="DESKTOP-1UP57FE" name="daotests.RoomDAOTesting" tests="2" failures="0" timestamp="26 Feb 2019 23:35:28 GMT" time="0.460" errors="0">
  <testcase name="testGetAll21Rooms" time="0.089" classname="daotests.RoomDAOTesting"/>
  <testcase name="testGet19Rooms" time="0.371" classname="daotests.RoomDAOTesting"/>
</testsuite> <!-- daotests.RoomDAOTesting -->
