<?xml version="1.0" encoding="UTF-8"?>
<!-- Generated by org.testng.reporters.JUnitReportReporter -->
<testsuite hostname="Michael-Laptop" name="daotests.RoomDAOTesting" tests="2" failures="0" timestamp="25 Feb 2019 19:16:23 GMT" time="0.484" errors="0">
  <testcase name="testGet19Rooms" time="0.422" classname="daotests.RoomDAOTesting"/>
  <testcase name="testGetAll21Rooms" time="0.062" classname="daotests.RoomDAOTesting"/>
</testsuite> <!-- daotests.RoomDAOTesting -->
