<?xml version="1.0" encoding="UTF-8"?>
<!-- Generated by org.testng.reporters.JUnitReportReporter -->
<testsuite hostname="DESKTOP-1UP57FE" name="daotests.ReservationDAOTesting" tests="4" failures="0" timestamp="26 Feb 2019 23:35:15 GMT" time="1.143" errors="0">
  <testcase name="testGetAllReservationsByCustomerId" time="0.032" classname="daotests.ReservationDAOTesting"/>
  <testcase name="testCreateReservation" time="0.386" classname="daotests.ReservationDAOTesting"/>
  <testcase name="testDelete" time="0.664" classname="daotests.ReservationDAOTesting"/>
  <testcase name="testGetAllReservations" time="0.061" classname="daotests.ReservationDAOTesting"/>
</testsuite> <!-- daotests.ReservationDAOTesting -->
