<?xml version="1.0" encoding="UTF-8"?>
<!-- Generated by org.testng.reporters.JUnitReportReporter -->
<testsuite hostname="DESKTOP-1UP57FE" name="daotests.CustomerDAOTesting" tests="6" failures="0" timestamp="26 Feb 2019 23:34:49 GMT" time="0.991" errors="0">
  <testcase name="testAddUser" time="0.300" classname="daotests.CustomerDAOTesting"/>
  <testcase name="LoginWithValidCredentials" time="0.015" classname="daotests.CustomerDAOTesting"/>
  <testcase name="LoginWithInvalidCredentials" time="0.256" classname="daotests.CustomerDAOTesting"/>
  <testcase name="testGetCustomerNonexistantUsername" time="0.262" classname="daotests.CustomerDAOTesting"/>
  <testcase name="testGetCustomerExisitingUsername" time="0.085" classname="daotests.CustomerDAOTesting"/>
  <testcase name="testUpdateCustomer" time="0.073" classname="daotests.CustomerDAOTesting"/>
</testsuite> <!-- daotests.CustomerDAOTesting -->
